Using pre-set license
Built from '2020.3/release' branch; Version is '2020.3.12f1 (b3b2c6512326) revision 11776710'; Using compiler version '192528614'; Build Type 'Release'
OS: 'Windows 10 Pro; OS build 19043.1052; Version 2009; 64bit' Language: 'es' Physical Memory: 4027 MB
BatchMode: 1, IsHumanControllingUs: 0, StartBugReporterOnCrash: 0, Is64bit: 1, IsPro: 0

 COMMAND LINE ARGUMENTS:
D:\Unity\Editors Folder\2020.3.12f1\Editor\Unity.exe
-adb2
-batchMode
-noUpm
-name
AssetImportWorker0
-projectPath
C:/Users/Chris/Documents/GitHub/Regrets
-logFile
Logs/AssetImportWorker0.log
-srvPort
60058
Successfully changed project path to: C:/Users/Chris/Documents/GitHub/Regrets
C:/Users/Chris/Documents/GitHub/Regrets
Using Asset Import Pipeline V2.
Refreshing native plugins compatible for Editor in 150.14 ms, found 2 plugins.
Preloading 0 native plugins for Editor in 0.00 ms.
Initialize engine version: 2020.3.12f1 (b3b2c6512326)
[Subsystems] Discovering subsystems at path D:/Unity/Editors Folder/2020.3.12f1/Editor/Data/Resources/UnitySubsystems
[Subsystems] Discovering subsystems at path C:/Users/Chris/Documents/GitHub/Regrets/Assets
GfxDevice: creating device client; threaded=0
Direct3D:
    Version:  Direct3D 11.0 [level 11.0]
    Renderer: NVIDIA GeForce GTX 750 (ID=0x1381)
    Vendor:   
    VRAM:     2007 MB
    Driver:   27.21.14.5671
Initialize mono
Mono path[0] = 'D:/Unity/Editors Folder/2020.3.12f1/Editor/Data/Managed'
Mono path[1] = 'D:/Unity/Editors Folder/2020.3.12f1/Editor/Data/MonoBleedingEdge/lib/mono/unityjit'
Mono config path = 'D:/Unity/Editors Folder/2020.3.12f1/Editor/Data/MonoBleedingEdge/etc'
Using monoOptions --debugger-agent=transport=dt_socket,embedding=1,server=y,suspend=n,address=127.0.0.1:56480
Begin MonoManager ReloadAssembly
Registering precompiled unity dll's ...
Register platform support module: D:/Unity/Editors Folder/2020.3.12f1/Editor/Data/PlaybackEngines/WindowsStandaloneSupport/UnityEditor.WindowsStandalone.Extensions.dll
Registered in 0.012275 seconds.
Native extension for WindowsStandalone target not found
Refreshing native plugins compatible for Editor in 244.53 ms, found 2 plugins.
Preloading 0 native plugins for Editor in 0.00 ms.
Mono: successfully reloaded assembly
- Completed reload, in  7.218 seconds
Platform modules already initialized, skipping
Registering precompiled user dll's ...
Registered in 0.066249 seconds.
Begin MonoManager ReloadAssembly
Native extension for WindowsStandalone target not found
Refreshing native plugins compatible for Editor in 171.78 ms, found 2 plugins.
Preloading 0 native plugins for Editor in 0.00 ms.
Mono: successfully reloaded assembly
- Completed reload, in  4.336 seconds
Platform modules already initialized, skipping
========================================================================
Worker process is ready to serve import requests
Launched and connected shader compiler UnityShaderCompiler.exe after 0.18 seconds
D3D shader create error for vertex shader [0x80070057]
Refreshing native plugins compatible for Editor in 1.78 ms, found 2 plugins.
Preloading 0 native plugins for Editor in 0.00 ms.
Unloading 4101 Unused Serialized files (Serialized files now loaded: 0)
System memory in use before: 188.4 MB.
System memory in use after: 185.4 MB.

Unloading 55 unused Assets to reduce memory usage. Loaded Objects now: 4516.
Total: 14.114400 ms (FindLiveObjects: 1.382500 ms CreateObjectMapping: 0.798400 ms MarkObjects: 7.142000 ms  DeleteObjects: 4.787400 ms)

AssetImportParameters requested are different than current active one (requested -> active):
  custom:framework-win-MediaFoundation: 216162199b28c13a410421893ffa2e32 -> 
  custom:video-decoder-ogg-theora: a1e56fd34408186e4bbccfd4996cb3dc -> 
  custom:container-muxer-webm: aa71ff27fc2769a1b78a27578f13a17b -> 
  custom:container-demuxer-webm: 4f35f7cbe854078d1ac9338744f61a02 -> 
  custom:container-demuxer-ogg: 62fdf1f143b41e24485cea50d1cbac27 -> 
  custom:video-encoder-webm-vp8: eb34c28f22e8b96e1ab97ce403110664 -> 
  custom:video-decoder-webm-vp8: 9c59270c3fd7afecdb556c50c9e8de78 -> 
  custom:audio-decoder-ogg-vorbis: bf7c407c2cedff20999df2af8eb42d56 -> 
  custom:audio-encoder-webm-vorbis: bf7c407c2cedff20999df2af8eb42d56 -> 
========================================================================
Received Import Request.
  path: Assets/UI/MainMenu.unity
  artifactKey: Guid(356f76b0e1d2ced4c8a3e97f85614b71) Importer(815301076,1909f56bfc062723c751e8b465ee728b)
Start importing Assets/UI/MainMenu.unity using Guid(356f76b0e1d2ced4c8a3e97f85614b71) Importer(815301076,1909f56bfc062723c751e8b465ee728b)  -> (artifact id: '60fba8bc4bd1d93c6bd3a1c90d1abc4e') in 0.076378 seconds 
  Import took 0.102865 seconds .

========================================================================
Received Import Request.
  Time since last request: 57.318331 seconds.
  path: Assets/Scripts/UI/Main Menu
  artifactKey: Guid(9e8818b4a0716f24b95a370b2241b938) Importer(815301076,1909f56bfc062723c751e8b465ee728b)
Start importing Assets/Scripts/UI/Main Menu using Guid(9e8818b4a0716f24b95a370b2241b938) Importer(815301076,1909f56bfc062723c751e8b465ee728b)  -> (artifact id: '5d4bc363056e279dff1ac10b048ad41c') in 0.019877 seconds 
  Import took 0.035465 seconds .

========================================================================
Received Import Request.
  Time since last request: 0.799142 seconds.
  path: Assets/Scripts/UI/Main Menu/MainMenu.cs
  artifactKey: Guid(77087b6b6a9c1a845adb31899b5d90ac) Importer(815301076,1909f56bfc062723c751e8b465ee728b)
Start importing Assets/Scripts/UI/Main Menu/MainMenu.cs using Guid(77087b6b6a9c1a845adb31899b5d90ac) Importer(815301076,1909f56bfc062723c751e8b465ee728b)  -> (artifact id: '268fb7d9baf6491f90b9178c8c900bb7') in 0.086086 seconds 
  Import took 0.100069 seconds .

========================================================================
Received Import Request.
  Time since last request: 27.103341 seconds.
  path: Assets/Scenes
  artifactKey: Guid(fd86f194c88eec7488d16ff08bebf937) Importer(815301076,1909f56bfc062723c751e8b465ee728b)
Start importing Assets/Scenes using Guid(fd86f194c88eec7488d16ff08bebf937) Importer(815301076,1909f56bfc062723c751e8b465ee728b)  -> (artifact id: '80c860945ca2e661d0bf24636b2ab3ad') in 0.017423 seconds 
  Import took 0.030829 seconds .

========================================================================
Received Import Request.
  Time since last request: 1.706840 seconds.
  path: Assets/Scenes/PrototypeScene.unity
  artifactKey: Guid(74d8d50f6f0aec247a2b77fb8bf583d5) Importer(815301076,1909f56bfc062723c751e8b465ee728b)
Start importing Assets/Scenes/PrototypeScene.unity using Guid(74d8d50f6f0aec247a2b77fb8bf583d5) Importer(815301076,1909f56bfc062723c751e8b465ee728b)  -> (artifact id: '832d832f8f97428370ddcf98e2557db9') in 0.025603 seconds 
  Import took 0.039284 seconds .

========================================================================
Received Prepare
Registering precompiled user dll's ...
Registered in 0.035078 seconds.
Begin MonoManager ReloadAssembly
Native extension for WindowsStandalone target not found
Refreshing native plugins compatible for Editor in 1.03 ms, found 2 plugins.
Preloading 0 native plugins for Editor in 0.00 ms.
Mono: successfully reloaded assembly
- Completed reload, in  2.489 seconds
Platform modules already initialized, skipping
D3D shader create error for vertex shader [0x80070057]
Refreshing native plugins compatible for Editor in 0.96 ms, found 2 plugins.
Preloading 0 native plugins for Editor in 0.00 ms.
Unloading 3860 Unused Serialized files (Serialized files now loaded: 0)
System memory in use before: 177.5 MB.
System memory in use after: 174.5 MB.

Unloading 48 unused Assets to reduce memory usage. Loaded Objects now: 4519.
Total: 7.989200 ms (FindLiveObjects: 0.565500 ms CreateObjectMapping: 0.444200 ms MarkObjects: 3.836900 ms  DeleteObjects: 3.140400 ms)

AssetImportParameters requested are different than current active one (requested -> active):
  custom:framework-win-MediaFoundation: 216162199b28c13a410421893ffa2e32 -> 
  custom:video-decoder-ogg-theora: a1e56fd34408186e4bbccfd4996cb3dc -> 
  custom:container-muxer-webm: aa71ff27fc2769a1b78a27578f13a17b -> 
  custom:container-demuxer-webm: 4f35f7cbe854078d1ac9338744f61a02 -> 
  custom:container-demuxer-ogg: 62fdf1f143b41e24485cea50d1cbac27 -> 
  custom:video-encoder-webm-vp8: eb34c28f22e8b96e1ab97ce403110664 -> 
  custom:video-decoder-webm-vp8: 9c59270c3fd7afecdb556c50c9e8de78 -> 
  custom:audio-decoder-ogg-vorbis: bf7c407c2cedff20999df2af8eb42d56 -> 
  custom:audio-encoder-webm-vorbis: bf7c407c2cedff20999df2af8eb42d56 -> 
========================================================================
Received Import Request.
  Time since last request: 161.780740 seconds.
  path: Assets/Scenes/DemoPlay1.unity
  artifactKey: Guid(6cd25682d1797cb478c05a2102539788) Importer(815301076,1909f56bfc062723c751e8b465ee728b)
Start importing Assets/Scenes/DemoPlay1.unity using Guid(6cd25682d1797cb478c05a2102539788) Importer(815301076,1909f56bfc062723c751e8b465ee728b)  -> (artifact id: 'df444a27aa6084d1167e2c9b759ae3f9') in 0.036078 seconds 
  Import took 0.050426 seconds .

========================================================================
Received Import Request.
  Time since last request: 40.157689 seconds.
  path: Assets/Scenes/SampleScene
  artifactKey: Guid(6a5ab7f14dc90e245a38a8d287014804) Importer(815301076,1909f56bfc062723c751e8b465ee728b)
Start importing Assets/Scenes/SampleScene using Guid(6a5ab7f14dc90e245a38a8d287014804) Importer(815301076,1909f56bfc062723c751e8b465ee728b)  -> (artifact id: 'dcfe5d7dfa5f036f9277cd513346a205') in 0.017184 seconds 
  Import took 0.031552 seconds .

========================================================================
Received Import Request.
  Time since last request: 0.048419 seconds.
  path: Assets/Scenes/SampleScene/LightingData.asset
  artifactKey: Guid(c9672d4b9a662004a9bf0d3f330e6b36) Importer(815301076,1909f56bfc062723c751e8b465ee728b)
Start importing Assets/Scenes/SampleScene/LightingData.asset using Guid(c9672d4b9a662004a9bf0d3f330e6b36) Importer(815301076,1909f56bfc062723c751e8b465ee728b)  -> (artifact id: '4194ed0ede18303318da47b6b58e10e6') in 0.048945 seconds 
  Import took 0.060249 seconds .

========================================================================
Received Import Request.
  Time since last request: 0.000287 seconds.
  path: Assets/Scenes/SampleScene/ReflectionProbe-13.exr
  artifactKey: Guid(5b4b9c42474fea44ea71f98dbbbf883a) Importer(815301076,1909f56bfc062723c751e8b465ee728b)
Start importing Assets/Scenes/SampleScene/ReflectionProbe-13.exr using Guid(5b4b9c42474fea44ea71f98dbbbf883a) Importer(815301076,1909f56bfc062723c751e8b465ee728b)  -> (artifact id: '0b219d4b6b87ffb26eebb0ce876e279b') in 0.221982 seconds 
  Import took 0.233321 seconds .

========================================================================
Received Import Request.
  Time since last request: 0.000332 seconds.
  path: Assets/Scenes/SampleScene/ReflectionProbe-11.exr
  artifactKey: Guid(1b5727504ffe4b247b09ed4502ffc116) Importer(815301076,1909f56bfc062723c751e8b465ee728b)
Start importing Assets/Scenes/SampleScene/ReflectionProbe-11.exr using Guid(1b5727504ffe4b247b09ed4502ffc116) Importer(815301076,1909f56bfc062723c751e8b465ee728b)  -> (artifact id: 'de931b6af5e8226520d30d571bd83850') in 0.088579 seconds 
  Import took 0.102966 seconds .

========================================================================
Received Import Request.
  Time since last request: 0.000265 seconds.
  path: Assets/Scenes/SampleScene/ReflectionProbe-7.exr
  artifactKey: Guid(db9a1847f2c6ae34c9ec4947ce906bc9) Importer(815301076,1909f56bfc062723c751e8b465ee728b)
Start importing Assets/Scenes/SampleScene/ReflectionProbe-7.exr using Guid(db9a1847f2c6ae34c9ec4947ce906bc9) Importer(815301076,1909f56bfc062723c751e8b465ee728b)  -> (artifact id: '8cb8ca79db0c7655d2ca59d7b9d192e4') in 0.088483 seconds 
  Import took 0.100807 seconds .

========================================================================
Received Import Request.
  Time since last request: 0.000307 seconds.
  path: Assets/Scenes/SampleScene/Lightmap-2_comp_dir.png
  artifactKey: Guid(d0e945dd6a89edd408f301b839717f0a) Importer(815301076,1909f56bfc062723c751e8b465ee728b)
Start importing Assets/Scenes/SampleScene/Lightmap-2_comp_dir.png using Guid(d0e945dd6a89edd408f301b839717f0a) Importer(815301076,1909f56bfc062723c751e8b465ee728b)  -> (artifact id: '7e4e00f670830613ffe130778dc6331e') in 0.160626 seconds 
  Import took 0.175656 seconds .

========================================================================
Received Import Request.
  Time since last request: 0.000608 seconds.
  path: Assets/Scenes/SampleScene/ReflectionProbe-5.exr
  artifactKey: Guid(84decc14d3cf01c45ad713670f164cb6) Importer(815301076,1909f56bfc062723c751e8b465ee728b)
Start importing Assets/Scenes/SampleScene/ReflectionProbe-5.exr using Guid(84decc14d3cf01c45ad713670f164cb6) Importer(815301076,1909f56bfc062723c751e8b465ee728b)  -> (artifact id: '2adf485fa68e212e489d81fa2f02fe26') in 0.104932 seconds 
  Import took 0.119887 seconds .

========================================================================
Received Import Request.
  Time since last request: 0.000315 seconds.
  path: Assets/Scenes/SampleScene/ReflectionProbe-17.exr
  artifactKey: Guid(dbcc65bcafce7e043ac894a6ee6114a2) Importer(815301076,1909f56bfc062723c751e8b465ee728b)
Start importing Assets/Scenes/SampleScene/ReflectionProbe-17.exr using Guid(dbcc65bcafce7e043ac894a6ee6114a2) Importer(815301076,1909f56bfc062723c751e8b465ee728b)  -> (artifact id: 'a9b6110de230fb865c5a4c8d011ddc1c') in 0.095174 seconds 
  Import took 0.106260 seconds .

========================================================================
Received Import Request.
  Time since last request: 0.000233 seconds.
  path: Assets/Scenes/SampleScene/ReflectionProbe-15.exr
  artifactKey: Guid(d618aadf2e4bb7f4980187df5bb35a33) Importer(815301076,1909f56bfc062723c751e8b465ee728b)
Start importing Assets/Scenes/SampleScene/ReflectionProbe-15.exr using Guid(d618aadf2e4bb7f4980187df5bb35a33) Importer(815301076,1909f56bfc062723c751e8b465ee728b)  -> (artifact id: '391219a3a25ab87e77f056a07effb33f') in 0.086449 seconds 
  Import took 0.097426 seconds .

========================================================================
Received Import Request.
  Time since last request: 0.000376 seconds.
  path: Assets/Scenes/SampleScene/ReflectionProbe-1.exr
  artifactKey: Guid(c3c78b54f15d2fa4cb5ce7168bfcd968) Importer(815301076,1909f56bfc062723c751e8b465ee728b)
Start importing Assets/Scenes/SampleScene/ReflectionProbe-1.exr using Guid(c3c78b54f15d2fa4cb5ce7168bfcd968) Importer(815301076,1909f56bfc062723c751e8b465ee728b)  -> (artifact id: '7ffdf6eba0afa80de84bd30d62dcd49e') in 0.092891 seconds 
  Import took 0.104886 seconds .

========================================================================
Received Import Request.
  Time since last request: 0.000237 seconds.
  path: Assets/Scenes/SampleScene/ReflectionProbe-10.exr
  artifactKey: Guid(0b0c990f63a874c4fbeadb86375b8fc8) Importer(815301076,1909f56bfc062723c751e8b465ee728b)
Start importing Assets/Scenes/SampleScene/ReflectionProbe-10.exr using Guid(0b0c990f63a874c4fbeadb86375b8fc8) Importer(815301076,1909f56bfc062723c751e8b465ee728b)  -> (artifact id: 'f1b0bab75a8352b8b32ad99dbc307c52') in 0.083575 seconds 
  Import took 0.093137 seconds .

========================================================================
Received Import Request.
  Time since last request: 0.000242 seconds.
  path: Assets/Scenes/SampleScene/ReflectionProbe-14.exr
  artifactKey: Guid(ca4b1069cf1d52643a18ad7e7c7d0397) Importer(815301076,1909f56bfc062723c751e8b465ee728b)
Start importing Assets/Scenes/SampleScene/ReflectionProbe-14.exr using Guid(ca4b1069cf1d52643a18ad7e7c7d0397) Importer(815301076,1909f56bfc062723c751e8b465ee728b)  -> (artifact id: '9fc5e822ba863d2fdae73fd817891b50') in 0.097844 seconds 
  Import took 0.107744 seconds .

========================================================================
Received Import Request.
  Time since last request: 0.000334 seconds.
  path: Assets/Scenes/SampleScene/ReflectionProbe-4.exr
  artifactKey: Guid(a4fc011afaed10c45914eeba07d87322) Importer(815301076,1909f56bfc062723c751e8b465ee728b)
Start importing Assets/Scenes/SampleScene/ReflectionProbe-4.exr using Guid(a4fc011afaed10c45914eeba07d87322) Importer(815301076,1909f56bfc062723c751e8b465ee728b)  -> (artifact id: '1422b1f887649c6061406a857c491399') in 0.091198 seconds 
  Import took 0.101249 seconds .

========================================================================
Received Import Request.
  Time since last request: 0.000331 seconds.
  path: Assets/Scenes/SampleScene/Lightmap-6_comp_light.exr
  artifactKey: Guid(aff1b928f2ba59646843323bbb7019c0) Importer(815301076,1909f56bfc062723c751e8b465ee728b)
Start importing Assets/Scenes/SampleScene/Lightmap-6_comp_light.exr using Guid(aff1b928f2ba59646843323bbb7019c0) Importer(815301076,1909f56bfc062723c751e8b465ee728b)  -> (artifact id: '82acc89c54f5f707b5f3577e511138fb') in 0.059113 seconds 
  Import took 0.068250 seconds .

========================================================================
Received Import Request.
  Time since last request: 0.000279 seconds.
  path: Assets/Scenes/SampleScene/ReflectionProbe-0.exr
  artifactKey: Guid(db58c93c38fdd1c4cb45888d582f7a18) Importer(815301076,1909f56bfc062723c751e8b465ee728b)
Start importing Assets/Scenes/SampleScene/ReflectionProbe-0.exr using Guid(db58c93c38fdd1c4cb45888d582f7a18) Importer(815301076,1909f56bfc062723c751e8b465ee728b)  -> (artifact id: '56ada3cb04d306557216a7ce33f9cfa4') in 0.083962 seconds 
  Import took 0.094169 seconds .

========================================================================
Received Import Request.
  Time since last request: 0.000251 seconds.
  path: Assets/Scenes/SampleScene/Lightmap-4_comp_dir.png
  artifactKey: Guid(5f42fa2a722ac20489856b05039dee64) Importer(815301076,1909f56bfc062723c751e8b465ee728b)
Start importing Assets/Scenes/SampleScene/Lightmap-4_comp_dir.png using Guid(5f42fa2a722ac20489856b05039dee64) Importer(815301076,1909f56bfc062723c751e8b465ee728b)  -> (artifact id: '41cf02e9004aaac141c263991a1f901a') in 0.048207 seconds 
  Import took 0.057693 seconds .

========================================================================
Received Import Request.
  Time since last request: 0.000310 seconds.
  path: Assets/Scenes/SampleScene/ReflectionProbe-16.exr
  artifactKey: Guid(88fccc25d08980c48afb6996a4818e81) Importer(815301076,1909f56bfc062723c751e8b465ee728b)
Start importing Assets/Scenes/SampleScene/ReflectionProbe-16.exr using Guid(88fccc25d08980c48afb6996a4818e81) Importer(815301076,1909f56bfc062723c751e8b465ee728b)  -> (artifact id: '0812d3823d7ed0e9637689db811a8020') in 0.077605 seconds 
  Import took 0.087879 seconds .

========================================================================
Received Import Request.
  Time since last request: 0.000284 seconds.
  path: Assets/Scenes/SampleScene/Lightmap-1_comp_light.exr
  artifactKey: Guid(d65881cd9a18b2d468ffa8cd3872247c) Importer(815301076,1909f56bfc062723c751e8b465ee728b)
Start importing Assets/Scenes/SampleScene/Lightmap-1_comp_light.exr using Guid(d65881cd9a18b2d468ffa8cd3872247c) Importer(815301076,1909f56bfc062723c751e8b465ee728b)  -> (artifact id: '43b3a60f18234e1c01af35e178419f59') in 0.045301 seconds 
  Import took 0.057299 seconds .

========================================================================
Received Import Request.
  Time since last request: 0.000248 seconds.
  path: Assets/Scenes/SampleScene/Lightmap-3_comp_dir.png
  artifactKey: Guid(1303668a41ce5dc48b7bf699c4148df2) Importer(815301076,1909f56bfc062723c751e8b465ee728b)
Start importing Assets/Scenes/SampleScene/Lightmap-3_comp_dir.png using Guid(1303668a41ce5dc48b7bf699c4148df2) Importer(815301076,1909f56bfc062723c751e8b465ee728b)  -> (artifact id: '32bfaf080243e51e82f10e3824731c69') in 0.046421 seconds 
  Import took 0.058219 seconds .

========================================================================
Received Import Request.
  Time since last request: 0.000825 seconds.
  path: Assets/Scenes/SampleScene/Lightmap-6_comp_dir.png
  artifactKey: Guid(a5228ee1051068b4f9e5fae8b301a8e4) Importer(815301076,1909f56bfc062723c751e8b465ee728b)
Start importing Assets/Scenes/SampleScene/Lightmap-6_comp_dir.png using Guid(a5228ee1051068b4f9e5fae8b301a8e4) Importer(815301076,1909f56bfc062723c751e8b465ee728b)  -> (artifact id: '5d979422edc308470e133b59b51329d9') in 0.055766 seconds 
  Import took 0.064944 seconds .

========================================================================
Received Import Request.
  Time since last request: 0.000236 seconds.
  path: Assets/Scenes/SampleScene/Lightmap-1_comp_dir.png
  artifactKey: Guid(c78a7ef4ffd053e45986df6776d18a37) Importer(815301076,1909f56bfc062723c751e8b465ee728b)
Start importing Assets/Scenes/SampleScene/Lightmap-1_comp_dir.png using Guid(c78a7ef4ffd053e45986df6776d18a37) Importer(815301076,1909f56bfc062723c751e8b465ee728b)  -> (artifact id: '90b1e7ddd2849fc810d4181583a371b2') in 0.044694 seconds 
  Import took 0.057204 seconds .

========================================================================
Received Import Request.
  Time since last request: 0.000423 seconds.
  path: Assets/Scenes/SampleScene/Lightmap-5_comp_light.exr
  artifactKey: Guid(e573b21707060b24db27d4ae41235d98) Importer(815301076,1909f56bfc062723c751e8b465ee728b)
Start importing Assets/Scenes/SampleScene/Lightmap-5_comp_light.exr using Guid(e573b21707060b24db27d4ae41235d98) Importer(815301076,1909f56bfc062723c751e8b465ee728b)  -> (artifact id: '52a308960c8991b8056baa80e49e0b7b') in 0.043743 seconds 
  Import took 0.054254 seconds .

========================================================================
Received Import Request.
  Time since last request: 0.000222 seconds.
  path: Assets/Scenes/SampleScene/ReflectionProbe-6.exr
  artifactKey: Guid(bcc5d397b6334c64dab068d6bb859803) Importer(815301076,1909f56bfc062723c751e8b465ee728b)
Start importing Assets/Scenes/SampleScene/ReflectionProbe-6.exr using Guid(bcc5d397b6334c64dab068d6bb859803) Importer(815301076,1909f56bfc062723c751e8b465ee728b)  -> (artifact id: '937cac5f5d5ca77d1781650b16ffb773') in 0.083304 seconds 
  Import took 0.093083 seconds .

========================================================================
Received Import Request.
  Time since last request: 0.000243 seconds.
  path: Assets/Scenes/SampleScene/Lightmap-4_comp_light.exr
  artifactKey: Guid(1a271bbc6f1485d4bad5874ca8455069) Importer(815301076,1909f56bfc062723c751e8b465ee728b)
Start importing Assets/Scenes/SampleScene/Lightmap-4_comp_light.exr using Guid(1a271bbc6f1485d4bad5874ca8455069) Importer(815301076,1909f56bfc062723c751e8b465ee728b)  -> (artifact id: '16da171d52092c9efd0ea096f1561d77') in 0.042369 seconds 
  Import took 0.056872 seconds .

========================================================================
Received Import Request.
  Time since last request: 0.000259 seconds.
  path: Assets/Scenes/SampleScene/ReflectionProbe-12.exr
  artifactKey: Guid(8481e7bae45102c41afa57230dceda46) Importer(815301076,1909f56bfc062723c751e8b465ee728b)
Start importing Assets/Scenes/SampleScene/ReflectionProbe-12.exr using Guid(8481e7bae45102c41afa57230dceda46) Importer(815301076,1909f56bfc062723c751e8b465ee728b)  -> (artifact id: '05c2a66163642fbdb05819361997eee4') in 0.078460 seconds 
  Import took 0.090596 seconds .

========================================================================
Received Import Request.
  Time since last request: 0.000233 seconds.
  path: Assets/Scenes/SampleScene/Lightmap-5_comp_dir.png
  artifactKey: Guid(12958dd54f1b2f140b49115d3f5e2c81) Importer(815301076,1909f56bfc062723c751e8b465ee728b)
Start importing Assets/Scenes/SampleScene/Lightmap-5_comp_dir.png using Guid(12958dd54f1b2f140b49115d3f5e2c81) Importer(815301076,1909f56bfc062723c751e8b465ee728b)  -> (artifact id: 'f5be43efe6462223c8de67ce5af4fad6') in 0.044755 seconds 
  Import took 0.055041 seconds .

========================================================================
Received Import Request.
  Time since last request: 0.000270 seconds.
  path: Assets/Scenes/SampleScene/ReflectionProbe-8.exr
  artifactKey: Guid(7f20f555bfbdcaa46a2cc1e0075120a5) Importer(815301076,1909f56bfc062723c751e8b465ee728b)
Start importing Assets/Scenes/SampleScene/ReflectionProbe-8.exr using Guid(7f20f555bfbdcaa46a2cc1e0075120a5) Importer(815301076,1909f56bfc062723c751e8b465ee728b)  -> (artifact id: '75d09283afbb9623360757c8d4f140da') in 0.081020 seconds 
  Import took 0.092309 seconds .

========================================================================
Received Import Request.
  Time since last request: 0.000236 seconds.
  path: Assets/Scenes/SampleScene/Lightmap-0_comp_dir.png
  artifactKey: Guid(e79ebf6f6991fea40acf25281ea394e1) Importer(815301076,1909f56bfc062723c751e8b465ee728b)
Start importing Assets/Scenes/SampleScene/Lightmap-0_comp_dir.png using Guid(e79ebf6f6991fea40acf25281ea394e1) Importer(815301076,1909f56bfc062723c751e8b465ee728b)  -> (artifact id: '955e55d3257d9bb71942542410953235') in 0.044040 seconds 
  Import took 0.055223 seconds .

========================================================================
Received Import Request.
  Time since last request: 0.000266 seconds.
  path: Assets/Scenes/SampleScene/Lightmap-0_comp_light.exr
  artifactKey: Guid(4bdbbe899c5dc0e4a89ae2694443559e) Importer(815301076,1909f56bfc062723c751e8b465ee728b)
Start importing Assets/Scenes/SampleScene/Lightmap-0_comp_light.exr using Guid(4bdbbe899c5dc0e4a89ae2694443559e) Importer(815301076,1909f56bfc062723c751e8b465ee728b)  -> (artifact id: '2e738ca8cec3df8574accf9a51218b47') in 0.042982 seconds 
  Import took 0.051747 seconds .

========================================================================
Received Import Request.
  Time since last request: 0.000234 seconds.
  path: Assets/Scenes/SampleScene/Lightmap-2_comp_light.exr
  artifactKey: Guid(d9af58f1eb18cb041a4746c89ce3eefc) Importer(815301076,1909f56bfc062723c751e8b465ee728b)
Start importing Assets/Scenes/SampleScene/Lightmap-2_comp_light.exr using Guid(d9af58f1eb18cb041a4746c89ce3eefc) Importer(815301076,1909f56bfc062723c751e8b465ee728b)  -> (artifact id: 'aae304b6ba687f067b8a032ab284f286') in 0.040487 seconds 
  Import took 0.049224 seconds .

========================================================================
Received Import Request.
  Time since last request: 0.000254 seconds.
  path: Assets/Scenes/SampleScene/ReflectionProbe-2.exr
  artifactKey: Guid(905a1f2fe6a20fe4d8acced09169fea6) Importer(815301076,1909f56bfc062723c751e8b465ee728b)
Start importing Assets/Scenes/SampleScene/ReflectionProbe-2.exr using Guid(905a1f2fe6a20fe4d8acced09169fea6) Importer(815301076,1909f56bfc062723c751e8b465ee728b)  -> (artifact id: '06a600f49c7b84298680f062746e1f78') in 0.079143 seconds 
  Import took 0.088949 seconds .

========================================================================
Received Import Request.
  Time since last request: 0.000267 seconds.
  path: Assets/Scenes/SampleScene/ReflectionProbe-3.exr
  artifactKey: Guid(d4035d0729cbed243b8628139d0aa2a3) Importer(815301076,1909f56bfc062723c751e8b465ee728b)
Start importing Assets/Scenes/SampleScene/ReflectionProbe-3.exr using Guid(d4035d0729cbed243b8628139d0aa2a3) Importer(815301076,1909f56bfc062723c751e8b465ee728b)  -> (artifact id: '99ce3036794e3ab2b173b94494b01a2b') in 0.077103 seconds 
  Import took 0.087722 seconds .

========================================================================
Received Import Request.
  Time since last request: 0.000268 seconds.
  path: Assets/Scenes/SampleScene/Lightmap-3_comp_light.exr
  artifactKey: Guid(963c286bbf748a6439786c5cdb5206f2) Importer(815301076,1909f56bfc062723c751e8b465ee728b)
Start importing Assets/Scenes/SampleScene/Lightmap-3_comp_light.exr using Guid(963c286bbf748a6439786c5cdb5206f2) Importer(815301076,1909f56bfc062723c751e8b465ee728b)  -> (artifact id: 'e059d123bae5e0fe8e1983156f0d9d8d') in 0.067372 seconds 
  Import took 0.079502 seconds .

========================================================================
Received Import Request.
  Time since last request: 0.000395 seconds.
  path: Assets/Scenes/SampleScene/ReflectionProbe-9.exr
  artifactKey: Guid(f0e7f0a8b752e40488ce09f05f1ac2f2) Importer(815301076,1909f56bfc062723c751e8b465ee728b)
Start importing Assets/Scenes/SampleScene/ReflectionProbe-9.exr using Guid(f0e7f0a8b752e40488ce09f05f1ac2f2) Importer(815301076,1909f56bfc062723c751e8b465ee728b)  -> (artifact id: 'bedd7148cd85ecb9a7be5c19d1f01bac') in 0.077411 seconds 
  Import took 0.088563 seconds .

========================================================================
Received Import Request.
  Time since last request: 2093.565880 seconds.
  path: Assets/Scenes/MainM.unity
  artifactKey: Guid(7e4c7904fc0d18143ba660c8c06132e6) Importer(815301076,1909f56bfc062723c751e8b465ee728b)
Start importing Assets/Scenes/MainM.unity using Guid(7e4c7904fc0d18143ba660c8c06132e6) Importer(815301076,1909f56bfc062723c751e8b465ee728b)  -> (artifact id: 'f84b4d40b14336bc9d0293f5981f88f3') in 0.224633 seconds 
  Import took 2.346114 seconds .

========================================================================
Received Import Request.
  Time since last request: 144.464929 seconds.
  path: Assets/UI/MainMenu.unity
  artifactKey: Guid(356f76b0e1d2ced4c8a3e97f85614b71) Importer(815301076,1909f56bfc062723c751e8b465ee728b)
Start importing Assets/UI/MainMenu.unity using Guid(356f76b0e1d2ced4c8a3e97f85614b71) Importer(815301076,1909f56bfc062723c751e8b465ee728b)  -> (artifact id: '5e42d0c16f3a0cb44c42b5363dc536e2') in 0.020108 seconds 
  Import took 0.042260 seconds .

========================================================================
Received Import Request.
  Time since last request: 46.782643 seconds.
  path: Assets/Scenes/MainM.unity
  artifactKey: Guid(7e4c7904fc0d18143ba660c8c06132e6) Importer(815301076,1909f56bfc062723c751e8b465ee728b)
Start importing Assets/Scenes/MainM.unity using Guid(7e4c7904fc0d18143ba660c8c06132e6) Importer(815301076,1909f56bfc062723c751e8b465ee728b)  -> (artifact id: 'f22352ac81d6975d0fc9c2d29bfb9f83') in 0.040723 seconds 
  Import took 0.055862 seconds .

========================================================================
Received Import Request.
  Time since last request: 162.047968 seconds.
  path: Assets/Images
  artifactKey: Guid(7928b955debd74d44b4c7f8b46911ed0) Importer(815301076,1909f56bfc062723c751e8b465ee728b)
Start importing Assets/Images using Guid(7928b955debd74d44b4c7f8b46911ed0) Importer(815301076,1909f56bfc062723c751e8b465ee728b)  -> (artifact id: '21c80e07501818fca4a5e3a9f98b1ef9') in 0.023539 seconds 
  Import took 0.041624 seconds .

========================================================================
Received Prepare
Registering precompiled user dll's ...
Registered in 0.069966 seconds.
Begin MonoManager ReloadAssembly
Native extension for WindowsStandalone target not found
Refreshing native plugins compatible for Editor in 0.91 ms, found 2 plugins.
Preloading 0 native plugins for Editor in 0.00 ms.
Mono: successfully reloaded assembly
- Completed reload, in  4.772 seconds
Platform modules already initialized, skipping
D3D shader create error for vertex shader [0x80070057]
Refreshing native plugins compatible for Editor in 2.00 ms, found 2 plugins.
Preloading 0 native plugins for Editor in 0.00 ms.
Unloading 3860 Unused Serialized files (Serialized files now loaded: 0)
System memory in use before: 180.8 MB.
System memory in use after: 177.9 MB.

Unloading 48 unused Assets to reduce memory usage. Loaded Objects now: 4558.
Total: 14.928100 ms (FindLiveObjects: 0.964500 ms CreateObjectMapping: 0.538700 ms MarkObjects: 7.652900 ms  DeleteObjects: 5.767700 ms)

AssetImportParameters requested are different than current active one (requested -> active):
  custom:framework-win-MediaFoundation: 216162199b28c13a410421893ffa2e32 -> 
  custom:video-decoder-ogg-theora: a1e56fd34408186e4bbccfd4996cb3dc -> 
  custom:container-muxer-webm: aa71ff27fc2769a1b78a27578f13a17b -> 
  custom:container-demuxer-webm: 4f35f7cbe854078d1ac9338744f61a02 -> 
  custom:container-demuxer-ogg: 62fdf1f143b41e24485cea50d1cbac27 -> 
  custom:video-encoder-webm-vp8: eb34c28f22e8b96e1ab97ce403110664 -> 
  custom:video-decoder-webm-vp8: 9c59270c3fd7afecdb556c50c9e8de78 -> 
  custom:audio-decoder-ogg-vorbis: bf7c407c2cedff20999df2af8eb42d56 -> 
  custom:audio-encoder-webm-vorbis: bf7c407c2cedff20999df2af8eb42d56 -> 
========================================================================
Received Import Request.
  Time since last request: 3749.723569 seconds.
  path: Assets/Kaori
  artifactKey: Guid(bb4578c7db5f65644acb51017a1f22f9) Importer(815301076,1909f56bfc062723c751e8b465ee728b)
Start importing Assets/Kaori using Guid(bb4578c7db5f65644acb51017a1f22f9) Importer(815301076,1909f56bfc062723c751e8b465ee728b)  -> (artifact id: '0548b1a9db58eede5c3d1ef127c76eb9') in 0.046076 seconds 
  Import took 0.076632 seconds .

========================================================================
Received Import Request.
  Time since last request: 0.885817 seconds.
  path: Assets/Kaori/Texturas
  artifactKey: Guid(73ef9f6d82a33084dbcb3afa432d5220) Importer(815301076,1909f56bfc062723c751e8b465ee728b)
Start importing Assets/Kaori/Texturas using Guid(73ef9f6d82a33084dbcb3afa432d5220) Importer(815301076,1909f56bfc062723c751e8b465ee728b)  -> (artifact id: '03e14cfe8c3712ee9c45a928e9b9b4b6') in 0.074964 seconds 
  Import took 0.095548 seconds .

========================================================================
Received Prepare
Registering precompiled user dll's ...
Registered in 0.070709 seconds.
Begin MonoManager ReloadAssembly
Native extension for WindowsStandalone target not found
Refreshing native plugins compatible for Editor in 72.79 ms, found 2 plugins.
Preloading 0 native plugins for Editor in 0.00 ms.
Mono: successfully reloaded assembly
- Completed reload, in 12.473 seconds
Platform modules already initialized, skipping
D3D shader create error for vertex shader [0x80070057]
Refreshing native plugins compatible for Editor in 0.54 ms, found 2 plugins.
Preloading 0 native plugins for Editor in 0.00 ms.
Unloading 1873 Unused Serialized files (Serialized files now loaded: 0)
System memory in use before: 131.7 MB.
System memory in use after: 123.4 MB.

Unloading 686 unused Assets to reduce memory usage. Loaded Objects now: 3893.
Total: 160.670600 ms (FindLiveObjects: 1.301500 ms CreateObjectMapping: 0.415800 ms MarkObjects: 32.109100 ms  DeleteObjects: 126.840700 ms)

AssetImportParameters requested are different than current active one (requested -> active):
  custom:framework-win-MediaFoundation: 216162199b28c13a410421893ffa2e32 -> 
  custom:video-decoder-ogg-theora: a1e56fd34408186e4bbccfd4996cb3dc -> 
  custom:container-muxer-webm: aa71ff27fc2769a1b78a27578f13a17b -> 
  custom:container-demuxer-webm: 4f35f7cbe854078d1ac9338744f61a02 -> 
  custom:container-demuxer-ogg: 62fdf1f143b41e24485cea50d1cbac27 -> 
  custom:video-encoder-webm-vp8: eb34c28f22e8b96e1ab97ce403110664 -> 
  custom:video-decoder-webm-vp8: 9c59270c3fd7afecdb556c50c9e8de78 -> 
  custom:audio-decoder-ogg-vorbis: bf7c407c2cedff20999df2af8eb42d56 -> 
  custom:audio-encoder-webm-vorbis: bf7c407c2cedff20999df2af8eb42d56 -> 
========================================================================
Received Import Request.
  Time since last request: 1987.631424 seconds.
  path: Assets/HDRPDefaultResources/DefaultHDRISky.exr
  artifactKey: Guid(54a3a0570aebe8949bec4966f1376581) Importer(815301076,1909f56bfc062723c751e8b465ee728b)
Start importing Assets/HDRPDefaultResources/DefaultHDRISky.exr using Guid(54a3a0570aebe8949bec4966f1376581) Importer(815301076,1909f56bfc062723c751e8b465ee728b)  -> (artifact id: '03e9c74c469f7bd9d1b21e951e2543f3') in 0.425364 seconds 
  Import took 0.449417 seconds .

========================================================================
Received Import Request.
  Time since last request: 0.000299 seconds.
  path: Assets/HDRPDefaultResources/DefaultSceneRoot.prefab
  artifactKey: Guid(2bfa7b9d63fa79e4abdc033f54a868d2) Importer(815301076,1909f56bfc062723c751e8b465ee728b)
Start importing Assets/HDRPDefaultResources/DefaultSceneRoot.prefab using Guid(2bfa7b9d63fa79e4abdc033f54a868d2) Importer(815301076,1909f56bfc062723c751e8b465ee728b)  -> (artifact id: '79dfbe35eac7387a5e6fb37e8b9d4356') in 0.098362 seconds 
  Import took 0.111392 seconds .

========================================================================
Received Prepare
Switching render pipeline e93c35b24eb03c74284e7dc0b755bfcc -> 00000000000000000000000000000000
D3D shader create error for vertex shader [0x80070057]
Refreshing native plugins compatible for Editor in 15.58 ms, found 2 plugins.
Preloading 0 native plugins for Editor in 0.00 ms.
Unloading 13 Unused Serialized files (Serialized files now loaded: 0)
System memory in use before: 68.4 MB.
System memory in use after: 68.6 MB.

Unloading 15 unused Assets to reduce memory usage. Loaded Objects now: 3892.
Total: 6.356000 ms (FindLiveObjects: 0.489500 ms CreateObjectMapping: 0.360100 ms MarkObjects: 5.387600 ms  DeleteObjects: 0.116900 ms)

AssetImportParameters requested are different than current active one (requested -> active):
  custom:framework-win-MediaFoundation: 216162199b28c13a410421893ffa2e32 -> 
  custom:video-decoder-ogg-theora: a1e56fd34408186e4bbccfd4996cb3dc -> 
  custom:container-muxer-webm: aa71ff27fc2769a1b78a27578f13a17b -> 
  custom:container-demuxer-webm: 4f35f7cbe854078d1ac9338744f61a02 -> 
  custom:container-demuxer-ogg: 62fdf1f143b41e24485cea50d1cbac27 -> 
  custom:video-encoder-webm-vp8: eb34c28f22e8b96e1ab97ce403110664 -> 
  custom:video-decoder-webm-vp8: 9c59270c3fd7afecdb556c50c9e8de78 -> 
  custom:audio-decoder-ogg-vorbis: bf7c407c2cedff20999df2af8eb42d56 -> 
  custom:audio-encoder-webm-vorbis: bf7c407c2cedff20999df2af8eb42d56 -> 
========================================================================
Received Import Request.
  Time since last request: 847.898485 seconds.
  path: Assets/Materials
  artifactKey: Guid(8dca05358acf45e47a115b0177e99529) Importer(815301076,1909f56bfc062723c751e8b465ee728b)
Start importing Assets/Materials using Guid(8dca05358acf45e47a115b0177e99529) Importer(815301076,1909f56bfc062723c751e8b465ee728b)  -> (artifact id: '336797540d76b1c8f55df0fda9daef1c') in 0.024322 seconds 
  Import took 0.115607 seconds .

========================================================================
Received Import Request.
  Time since last request: 8.642038 seconds.
  path: Assets/Materials/Platform.mat
  artifactKey: Guid(05433c1ea5c707d4793d6158dc65dfc0) Importer(815301076,1909f56bfc062723c751e8b465ee728b)
Start importing Assets/Materials/Platform.mat using Guid(05433c1ea5c707d4793d6158dc65dfc0) Importer(815301076,1909f56bfc062723c751e8b465ee728b)  -> (artifact id: '5b44c9e8ce5af0b1e9d184e723ffbb61') in 1.027890 seconds 
  Import took 1.039789 seconds .

========================================================================
Received Import Request.
  Time since last request: 1700.960891 seconds.
  path: Assets/Enemies
  artifactKey: Guid(042eaa1bd2e37664f98824440cba3637) Importer(815301076,1909f56bfc062723c751e8b465ee728b)
Start importing Assets/Enemies using Guid(042eaa1bd2e37664f98824440cba3637) Importer(815301076,1909f56bfc062723c751e8b465ee728b)  -> (artifact id: '0322b47be1c977dfd0c2c5267a87694a') in 0.045366 seconds 
  Import took 0.602374 seconds .

========================================================================
Received Import Request.
  Time since last request: 7.688361 seconds.
  path: Assets/Enemies/Spikes
  artifactKey: Guid(9417f7079b119ab4fb1a0453c85cb891) Importer(815301076,1909f56bfc062723c751e8b465ee728b)
Start importing Assets/Enemies/Spikes using Guid(9417f7079b119ab4fb1a0453c85cb891) Importer(815301076,1909f56bfc062723c751e8b465ee728b)  -> (artifact id: '498e842bc851e379d8ca5e383d762649') in 0.015393 seconds 
  Import took 0.027023 seconds .

========================================================================
Received Import Request.
  Time since last request: 173.070798 seconds.
  path: Assets/Enemies/Spikes/pinchos.fbx
  artifactKey: Guid(19dcdd9ac10d433468a17bac6a290449) Importer(815301076,1909f56bfc062723c751e8b465ee728b)
Start importing Assets/Enemies/Spikes/pinchos.fbx using Guid(19dcdd9ac10d433468a17bac6a290449) Importer(815301076,1909f56bfc062723c751e8b465ee728b)  -> (artifact id: 'ef7ad27c7c54999f810b16d7a9fa8b13') in 2.745397 seconds 
  Import took 2.766127 seconds .

========================================================================
Received Import Request.
  Time since last request: 1640.105533 seconds.
  path: Assets/Materials/Spikes.mat
  artifactKey: Guid(8bb17636de50c884da304f17e94d0ec3) Importer(815301076,1909f56bfc062723c751e8b465ee728b)
Start importing Assets/Materials/Spikes.mat using Guid(8bb17636de50c884da304f17e94d0ec3) Importer(815301076,1909f56bfc062723c751e8b465ee728b)  -> (artifact id: '6d31d44a295f8d9109b8484988e2b20e') in 0.097066 seconds 
  Import took 0.119635 seconds .

========================================================================
Received Import Request.
  Time since last request: 619.927431 seconds.
  path: Assets/Materials/Platform.mat
  artifactKey: Guid(05433c1ea5c707d4793d6158dc65dfc0) Importer(815301076,1909f56bfc062723c751e8b465ee728b)
Start importing Assets/Materials/Platform.mat using Guid(05433c1ea5c707d4793d6158dc65dfc0) Importer(815301076,1909f56bfc062723c751e8b465ee728b)  -> (artifact id: 'fc00a3f408ed23cf55702428b12df259') in 0.172715 seconds 
  Import took 0.196801 seconds .

========================================================================
Received Import Request.
  Time since last request: 0.000401 seconds.
  path: Assets/Materials/Spikes.mat
  artifactKey: Guid(8bb17636de50c884da304f17e94d0ec3) Importer(815301076,1909f56bfc062723c751e8b465ee728b)
Start importing Assets/Materials/Spikes.mat using Guid(8bb17636de50c884da304f17e94d0ec3) Importer(815301076,1909f56bfc062723c751e8b465ee728b)  -> (artifact id: '79675568e0dc4c5f48ff0e57c27e0ed9') in 0.125516 seconds 
  Import took 0.142644 seconds .

========================================================================
Received Import Request.
  Time since last request: 242.864687 seconds.
  path: Assets/Materials/Ground.mat
  artifactKey: Guid(05433c1ea5c707d4793d6158dc65dfc0) Importer(815301076,1909f56bfc062723c751e8b465ee728b)
Start importing Assets/Materials/Ground.mat using Guid(05433c1ea5c707d4793d6158dc65dfc0) Importer(815301076,1909f56bfc062723c751e8b465ee728b)  -> (artifact id: 'e00b4d9e102dfb9f88945583940edc4b') in 0.036489 seconds 
  Import took 0.049249 seconds .

========================================================================
Received Import Request.
  Time since last request: 17.809834 seconds.
  path: Assets/Materials/SmallPlatform.mat
  artifactKey: Guid(1c85678330b1b3c4da7a6c484c5bc0fe) Importer(815301076,1909f56bfc062723c751e8b465ee728b)
Start importing Assets/Materials/SmallPlatform.mat using Guid(1c85678330b1b3c4da7a6c484c5bc0fe) Importer(815301076,1909f56bfc062723c751e8b465ee728b)  -> (artifact id: '5be964d91591acf1769e94f237e56212') in 0.034323 seconds 
  Import took 0.051735 seconds .

========================================================================
Received Import Request.
  Time since last request: 8.726685 seconds.
  path: Assets/Materials/Big Platform.mat
  artifactKey: Guid(314e681bd89944a48b785b3891354e55) Importer(815301076,1909f56bfc062723c751e8b465ee728b)
Start importing Assets/Materials/Big Platform.mat using Guid(314e681bd89944a48b785b3891354e55) Importer(815301076,1909f56bfc062723c751e8b465ee728b)  -> (artifact id: 'ef3b3fac545996ebcdc930d20e9552d4') in 0.053287 seconds 
  Import took 0.065808 seconds .

========================================================================
Received Import Request.
  Time since last request: 9.411520 seconds.
  path: Assets/Materials/Small Platform.mat
  artifactKey: Guid(1c85678330b1b3c4da7a6c484c5bc0fe) Importer(815301076,1909f56bfc062723c751e8b465ee728b)
Start importing Assets/Materials/Small Platform.mat using Guid(1c85678330b1b3c4da7a6c484c5bc0fe) Importer(815301076,1909f56bfc062723c751e8b465ee728b)  -> (artifact id: 'e25d878c14d9cc4adbd39adb4eeab939') in 0.030062 seconds 
  Import took 0.041816 seconds .

========================================================================
Received Import Request.
  Time since last request: 330.356049 seconds.
  path: Assets/Scriptable Objects/RespawnPosition.asset
  artifactKey: Guid(f109a9748cb379b4d8e8478798f474ad) Importer(815301076,1909f56bfc062723c751e8b465ee728b)
Start importing Assets/Scriptable Objects/RespawnPosition.asset using Guid(f109a9748cb379b4d8e8478798f474ad) Importer(815301076,1909f56bfc062723c751e8b465ee728b)  -> (artifact id: '2c450060887833ead628570f4d8e8ab0') in 0.041808 seconds 
  Import took 0.057369 seconds .

========================================================================
Received Import Request.
  Time since last request: 32.454912 seconds.
  path: ProjectSettings/TagManager.asset
  artifactKey: Guid(00000000000000003000000000000000) Importer(815301076,1909f56bfc062723c751e8b465ee728b)
Start importing ProjectSettings/TagManager.asset using Guid(00000000000000003000000000000000) Importer(815301076,1909f56bfc062723c751e8b465ee728b)  -> (artifact id: 'e2aa2fdc3a00441e822a062e8b377028') in 0.031793 seconds 
  Import took 0.041932 seconds .

========================================================================
Received Import Request.
  Time since last request: 117.466072 seconds.
  path: Assets/Pshy
  artifactKey: Guid(01d20d7d5c33ee243a203d9d36de0cb5) Importer(815301076,1909f56bfc062723c751e8b465ee728b)
Start importing Assets/Pshy using Guid(01d20d7d5c33ee243a203d9d36de0cb5) Importer(815301076,1909f56bfc062723c751e8b465ee728b)  -> (artifact id: '3055b2764881c533d1322af3f0c4bd0d') in 0.014257 seconds 
  Import took 0.031700 seconds .

========================================================================
Received Import Request.
  Time since last request: 14.764583 seconds.
  path: Assets/Physic Material
  artifactKey: Guid(01d20d7d5c33ee243a203d9d36de0cb5) Importer(815301076,1909f56bfc062723c751e8b465ee728b)
Start importing Assets/Physic Material using Guid(01d20d7d5c33ee243a203d9d36de0cb5) Importer(815301076,1909f56bfc062723c751e8b465ee728b)  -> (artifact id: '07afd91d916ca898b89cef03adba17f5') in 0.010339 seconds 
  Import took 0.023218 seconds .

========================================================================
Received Import Request.
  Time since last request: 9.898975 seconds.
  path: Assets/Physic Material/Ground.physicMaterial
  artifactKey: Guid(9c100204671d0754c975a8fa4b77695d) Importer(815301076,1909f56bfc062723c751e8b465ee728b)
Start importing Assets/Physic Material/Ground.physicMaterial using Guid(9c100204671d0754c975a8fa4b77695d) Importer(815301076,1909f56bfc062723c751e8b465ee728b)  -> (artifact id: 'e10a93e4c750ca27f938dfadce8a518c') in 0.027623 seconds 
  Import took 0.040325 seconds .

========================================================================
Received Import Request.
  Time since last request: 41.848755 seconds.
  path: Assets/Scripts/Player/PlayerController.cs
  artifactKey: Guid(fa26f5ff274b5454e99c75873352db6a) Importer(815301076,1909f56bfc062723c751e8b465ee728b)
Start importing Assets/Scripts/Player/PlayerController.cs using Guid(fa26f5ff274b5454e99c75873352db6a) Importer(815301076,1909f56bfc062723c751e8b465ee728b)  -> (artifact id: '04f0f2e0c0270ad6023ef2d76703c5eb') in 0.015282 seconds 
  Import took 0.026583 seconds .

========================================================================
Received Import Request.
  Time since last request: 0.028016 seconds.
  path: Assets/Scripts/Player/PlayerController.cs
  artifactKey: Guid(fa26f5ff274b5454e99c75873352db6a) Importer(815301076,1909f56bfc062723c751e8b465ee728b)
Start importing Assets/Scripts/Player/PlayerController.cs using Guid(fa26f5ff274b5454e99c75873352db6a) Importer(815301076,1909f56bfc062723c751e8b465ee728b)  -> (artifact id: '04f0f2e0c0270ad6023ef2d76703c5eb') in 0.004511 seconds 
  Import took 0.014243 seconds .

========================================================================
Received Prepare
Registering precompiled user dll's ...
Registered in 0.050863 seconds.
Begin MonoManager ReloadAssembly
Error: Could not load signature of Cinemachine.CinemachineInputProvider:ResolveForPlayer due to: Could not load file or assembly 'Unity.InputSystem, Version=1.0.2.0, Culture=neutral, PublicKeyToken=null' or one of its dependencies. assembly:Unity.InputSystem, Version=1.0.2.0, Culture=neutral, PublicKeyToken=null type:<unknown type> member:(null) signature:<none>

Unloading broken assembly Library/ScriptAssemblies/Cinemachine.dll, this assembly can cause crashes in the runtime

Native extension for WindowsStandalone target not found
Refreshing native plugins compatible for Editor in 115.69 ms, found 2 plugins.
Preloading 0 native plugins for Editor in 0.00 ms.
Mono: successfully reloaded assembly
- Completed reload, in 38.033 seconds
Platform modules already initialized, skipping
D3D shader create error for vertex shader [0x80070057]
Refreshing native plugins compatible for Editor in 1.35 ms, found 2 plugins.
Preloading 0 native plugins for Editor in 0.00 ms.
Unloading 1576 Unused Serialized files (Serialized files now loaded: 0)
System memory in use before: 95.2 MB.
System memory in use after: 95.4 MB.

Unloading 18 unused Assets to reduce memory usage. Loaded Objects now: 3612.
Total: 14.570500 ms (FindLiveObjects: 0.928100 ms CreateObjectMapping: 0.580600 ms MarkObjects: 8.526400 ms  DeleteObjects: 4.531500 ms)

AssetImportParameters requested are different than current active one (requested -> active):
  custom:framework-win-MediaFoundation: 216162199b28c13a410421893ffa2e32 -> 
  custom:video-decoder-ogg-theora: a1e56fd34408186e4bbccfd4996cb3dc -> 
  custom:container-muxer-webm: aa71ff27fc2769a1b78a27578f13a17b -> 
  custom:container-demuxer-webm: 4f35f7cbe854078d1ac9338744f61a02 -> 
  custom:container-demuxer-ogg: 62fdf1f143b41e24485cea50d1cbac27 -> 
  custom:video-encoder-webm-vp8: eb34c28f22e8b96e1ab97ce403110664 -> 
  custom:video-decoder-webm-vp8: 9c59270c3fd7afecdb556c50c9e8de78 -> 
  custom:audio-decoder-ogg-vorbis: bf7c407c2cedff20999df2af8eb42d56 -> 
  custom:audio-encoder-webm-vorbis: bf7c407c2cedff20999df2af8eb42d56 -> 
========================================================================
Received Prepare
Registering precompiled user dll's ...
Registered in 0.026995 seconds.
Begin MonoManager ReloadAssembly
Native extension for WindowsStandalone target not found
Refreshing native plugins compatible for Editor in 0.48 ms, found 2 plugins.
Preloading 0 native plugins for Editor in 0.00 ms.
Mono: successfully reloaded assembly
- Completed reload, in  4.094 seconds
Platform modules already initialized, skipping
D3D shader create error for vertex shader [0x80070057]
Refreshing native plugins compatible for Editor in 0.45 ms, found 2 plugins.
Preloading 0 native plugins for Editor in 0.00 ms.
Unloading 1576 Unused Serialized files (Serialized files now loaded: 0)
System memory in use before: 95.3 MB.
System memory in use after: 95.4 MB.

Unloading 16 unused Assets to reduce memory usage. Loaded Objects now: 3615.
Total: 3.517200 ms (FindLiveObjects: 0.328800 ms CreateObjectMapping: 0.159100 ms MarkObjects: 2.927400 ms  DeleteObjects: 0.099300 ms)

AssetImportParameters requested are different than current active one (requested -> active):
  custom:framework-win-MediaFoundation: 216162199b28c13a410421893ffa2e32 -> 
  custom:video-decoder-ogg-theora: a1e56fd34408186e4bbccfd4996cb3dc -> 
  custom:container-muxer-webm: aa71ff27fc2769a1b78a27578f13a17b -> 
  custom:container-demuxer-webm: 4f35f7cbe854078d1ac9338744f61a02 -> 
  custom:container-demuxer-ogg: 62fdf1f143b41e24485cea50d1cbac27 -> 
  custom:video-encoder-webm-vp8: eb34c28f22e8b96e1ab97ce403110664 -> 
  custom:video-decoder-webm-vp8: 9c59270c3fd7afecdb556c50c9e8de78 -> 
  custom:audio-decoder-ogg-vorbis: bf7c407c2cedff20999df2af8eb42d56 -> 
  custom:audio-encoder-webm-vorbis: bf7c407c2cedff20999df2af8eb42d56 -> 
========================================================================
Received Prepare
Registering precompiled user dll's ...
Registered in 0.016545 seconds.
Begin MonoManager ReloadAssembly
Native extension for WindowsStandalone target not found
Refreshing native plugins compatible for Editor in 0.49 ms, found 2 plugins.
Preloading 0 native plugins for Editor in 0.00 ms.
Mono: successfully reloaded assembly
- Completed reload, in  2.834 seconds
Platform modules already initialized, skipping
D3D shader create error for vertex shader [0x80070057]
Refreshing native plugins compatible for Editor in 0.43 ms, found 2 plugins.
Preloading 0 native plugins for Editor in 0.00 ms.
Unloading 1576 Unused Serialized files (Serialized files now loaded: 0)
System memory in use before: 94.3 MB.
System memory in use after: 94.5 MB.

Unloading 14 unused Assets to reduce memory usage. Loaded Objects now: 3614.
Total: 16.475800 ms (FindLiveObjects: 0.856500 ms CreateObjectMapping: 0.220800 ms MarkObjects: 6.270700 ms  DeleteObjects: 9.122800 ms)

AssetImportParameters requested are different than current active one (requested -> active):
  custom:framework-win-MediaFoundation: 216162199b28c13a410421893ffa2e32 -> 
  custom:video-decoder-ogg-theora: a1e56fd34408186e4bbccfd4996cb3dc -> 
  custom:container-muxer-webm: aa71ff27fc2769a1b78a27578f13a17b -> 
  custom:container-demuxer-webm: 4f35f7cbe854078d1ac9338744f61a02 -> 
  custom:container-demuxer-ogg: 62fdf1f143b41e24485cea50d1cbac27 -> 
  custom:video-encoder-webm-vp8: eb34c28f22e8b96e1ab97ce403110664 -> 
  custom:video-decoder-webm-vp8: 9c59270c3fd7afecdb556c50c9e8de78 -> 
  custom:audio-decoder-ogg-vorbis: bf7c407c2cedff20999df2af8eb42d56 -> 
  custom:audio-encoder-webm-vorbis: bf7c407c2cedff20999df2af8eb42d56 -> 
AssetImportWorkerClient::OnTransportError - code=2 error=End of file
