Using pre-set license
Built from '2020.3/release' branch; Version is '2020.3.12f1 (b3b2c6512326) revision 11776710'; Using compiler version '192528614'; Build Type 'Release'
OS: 'Windows 10 Pro; OS build 19043.1052; Version 2009; 64bit' Language: 'es' Physical Memory: 4027 MB
BatchMode: 1, IsHumanControllingUs: 0, StartBugReporterOnCrash: 0, Is64bit: 1, IsPro: 0

 COMMAND LINE ARGUMENTS:
D:\Unity\Editors Folder\2020.3.12f1\Editor\Unity.exe
-adb2
-batchMode
-noUpm
-name
AssetImportWorker0
-projectPath
C:/Users/Chris/Documents/GitHub/Regrets
-logFile
Logs/AssetImportWorker0.log
-srvPort
55897
Successfully changed project path to: C:/Users/Chris/Documents/GitHub/Regrets
C:/Users/Chris/Documents/GitHub/Regrets
Using Asset Import Pipeline V2.
Refreshing native plugins compatible for Editor in 81.58 ms, found 2 plugins.
Preloading 0 native plugins for Editor in 0.00 ms.
Initialize engine version: 2020.3.12f1 (b3b2c6512326)
[Subsystems] Discovering subsystems at path D:/Unity/Editors Folder/2020.3.12f1/Editor/Data/Resources/UnitySubsystems
[Subsystems] Discovering subsystems at path C:/Users/Chris/Documents/GitHub/Regrets/Assets
GfxDevice: creating device client; threaded=0
Direct3D:
    Version:  Direct3D 11.0 [level 11.0]
    Renderer: NVIDIA GeForce GTX 750 (ID=0x1381)
    Vendor:   
    VRAM:     2007 MB
    Driver:   27.21.14.5671
Initialize mono
Mono path[0] = 'D:/Unity/Editors Folder/2020.3.12f1/Editor/Data/Managed'
Mono path[1] = 'D:/Unity/Editors Folder/2020.3.12f1/Editor/Data/MonoBleedingEdge/lib/mono/unityjit'
Mono config path = 'D:/Unity/Editors Folder/2020.3.12f1/Editor/Data/MonoBleedingEdge/etc'
Using monoOptions --debugger-agent=transport=dt_socket,embedding=1,server=y,suspend=n,address=127.0.0.1:56332
Begin MonoManager ReloadAssembly
Registering precompiled unity dll's ...
Register platform support module: D:/Unity/Editors Folder/2020.3.12f1/Editor/Data/PlaybackEngines/WindowsStandaloneSupport/UnityEditor.WindowsStandalone.Extensions.dll
Registered in 0.003534 seconds.
Native extension for WindowsStandalone target not found
Refreshing native plugins compatible for Editor in 106.09 ms, found 2 plugins.
Preloading 0 native plugins for Editor in 0.00 ms.
Mono: successfully reloaded assembly
- Completed reload, in 10.463 seconds
Platform modules already initialized, skipping
Registering precompiled user dll's ...
Registered in 0.023558 seconds.
Begin MonoManager ReloadAssembly
Native extension for WindowsStandalone target not found
Refreshing native plugins compatible for Editor in 1.09 ms, found 2 plugins.
Preloading 0 native plugins for Editor in 0.00 ms.
Mono: successfully reloaded assembly
- Completed reload, in  5.359 seconds
Platform modules already initialized, skipping
========================================================================
Worker process is ready to serve import requests
Launched and connected shader compiler UnityShaderCompiler.exe after 0.11 seconds
Refreshing native plugins compatible for Editor in 1.02 ms, found 2 plugins.
Preloading 0 native plugins for Editor in 0.00 ms.
Unloading 1582 Unused Serialized files (Serialized files now loaded: 0)
System memory in use before: 71.2 MB.
System memory in use after: 71.3 MB.

Unloading 21 unused Assets to reduce memory usage. Loaded Objects now: 2016.
Total: 4.951400 ms (FindLiveObjects: 0.602500 ms CreateObjectMapping: 0.210100 ms MarkObjects: 3.912500 ms  DeleteObjects: 0.223200 ms)

AssetImportParameters requested are different than current active one (requested -> active):
  custom:framework-win-MediaFoundation: 216162199b28c13a410421893ffa2e32 -> 
  custom:video-decoder-ogg-theora: a1e56fd34408186e4bbccfd4996cb3dc -> 
  custom:container-muxer-webm: aa71ff27fc2769a1b78a27578f13a17b -> 
  custom:container-demuxer-webm: 4f35f7cbe854078d1ac9338744f61a02 -> 
  custom:container-demuxer-ogg: 62fdf1f143b41e24485cea50d1cbac27 -> 
  custom:video-encoder-webm-vp8: eb34c28f22e8b96e1ab97ce403110664 -> 
  custom:video-decoder-webm-vp8: 9c59270c3fd7afecdb556c50c9e8de78 -> 
  custom:audio-decoder-ogg-vorbis: bf7c407c2cedff20999df2af8eb42d56 -> 
  custom:audio-encoder-webm-vorbis: bf7c407c2cedff20999df2af8eb42d56 -> 
========================================================================
Received Import Request.
  path: Assets/Materials/Spikes.mat
  artifactKey: Guid(8bb17636de50c884da304f17e94d0ec3) Importer(815301076,1909f56bfc062723c751e8b465ee728b)
Start importing Assets/Materials/Spikes.mat using Guid(8bb17636de50c884da304f17e94d0ec3) Importer(815301076,1909f56bfc062723c751e8b465ee728b)  -> (artifact id: '6d2a8aa2bc674ddbde6caa79529a25e3') in 2.327787 seconds 
  Import took 2.360222 seconds .

========================================================================
Received Import Request.
  Time since last request: 0.000775 seconds.
  path: Assets/Materials/Small Platform.mat
  artifactKey: Guid(1c85678330b1b3c4da7a6c484c5bc0fe) Importer(815301076,1909f56bfc062723c751e8b465ee728b)
Start importing Assets/Materials/Small Platform.mat using Guid(1c85678330b1b3c4da7a6c484c5bc0fe) Importer(815301076,1909f56bfc062723c751e8b465ee728b)  -> (artifact id: '730c5a2a33b9504c1f38f8dd4d7696bb') in 0.163420 seconds 
  Import took 0.217279 seconds .

========================================================================
Received Import Request.
  Time since last request: 0.000996 seconds.
  path: Assets/Materials/Facing At.mat
  artifactKey: Guid(5e4af07a57314db428d45fdc52f0e06c) Importer(815301076,1909f56bfc062723c751e8b465ee728b)
Start importing Assets/Materials/Facing At.mat using Guid(5e4af07a57314db428d45fdc52f0e06c) Importer(815301076,1909f56bfc062723c751e8b465ee728b)  -> (artifact id: 'ab0ff26cacfdc0495d9104ade0b14656') in 0.393123 seconds 
  Import took 0.451773 seconds .

========================================================================
Received Import Request.
  Time since last request: 0.000472 seconds.
  path: Assets/Materials/Big Platform.mat
  artifactKey: Guid(314e681bd89944a48b785b3891354e55) Importer(815301076,1909f56bfc062723c751e8b465ee728b)
Start importing Assets/Materials/Big Platform.mat using Guid(314e681bd89944a48b785b3891354e55) Importer(815301076,1909f56bfc062723c751e8b465ee728b)  -> (artifact id: '489c3142f1a808171016f7c64236a2d3') in 0.141162 seconds 
  Import took 0.152264 seconds .

========================================================================
Received Prepare
Registering precompiled user dll's ...
Registered in 0.047446 seconds.
Begin MonoManager ReloadAssembly
Native extension for WindowsStandalone target not found
Refreshing native plugins compatible for Editor in 0.91 ms, found 2 plugins.
Preloading 0 native plugins for Editor in 0.00 ms.
Mono: successfully reloaded assembly
- Completed reload, in  4.776 seconds
Platform modules already initialized, skipping
Refreshing native plugins compatible for Editor in 1.04 ms, found 2 plugins.
Preloading 0 native plugins for Editor in 0.00 ms.
Unloading 1576 Unused Serialized files (Serialized files now loaded: 0)
System memory in use before: 74.4 MB.
System memory in use after: 74.5 MB.

Unloading 16 unused Assets to reduce memory usage. Loaded Objects now: 2059.
Total: 39.786700 ms (FindLiveObjects: 1.344500 ms CreateObjectMapping: 0.249100 ms MarkObjects: 36.769800 ms  DeleteObjects: 1.417000 ms)

AssetImportParameters requested are different than current active one (requested -> active):
  custom:framework-win-MediaFoundation: 216162199b28c13a410421893ffa2e32 -> 
  custom:video-decoder-ogg-theora: a1e56fd34408186e4bbccfd4996cb3dc -> 
  custom:container-muxer-webm: aa71ff27fc2769a1b78a27578f13a17b -> 
  custom:container-demuxer-webm: 4f35f7cbe854078d1ac9338744f61a02 -> 
  custom:container-demuxer-ogg: 62fdf1f143b41e24485cea50d1cbac27 -> 
  custom:video-encoder-webm-vp8: eb34c28f22e8b96e1ab97ce403110664 -> 
  custom:video-decoder-webm-vp8: 9c59270c3fd7afecdb556c50c9e8de78 -> 
  custom:audio-decoder-ogg-vorbis: bf7c407c2cedff20999df2af8eb42d56 -> 
  custom:audio-encoder-webm-vorbis: bf7c407c2cedff20999df2af8eb42d56 -> 
========================================================================
Received Prepare
Registering precompiled user dll's ...
Registered in 0.026323 seconds.
Begin MonoManager ReloadAssembly
Native extension for WindowsStandalone target not found
Refreshing native plugins compatible for Editor in 0.82 ms, found 2 plugins.
Preloading 0 native plugins for Editor in 0.00 ms.
Mono: successfully reloaded assembly
- Completed reload, in  4.201 seconds
Platform modules already initialized, skipping
Refreshing native plugins compatible for Editor in 0.46 ms, found 2 plugins.
Preloading 0 native plugins for Editor in 0.00 ms.
Unloading 1576 Unused Serialized files (Serialized files now loaded: 0)
System memory in use before: 74.5 MB.
System memory in use after: 74.5 MB.

Unloading 16 unused Assets to reduce memory usage. Loaded Objects now: 2062.
Total: 5.849600 ms (FindLiveObjects: 1.936800 ms CreateObjectMapping: 0.594100 ms MarkObjects: 3.146600 ms  DeleteObjects: 0.169400 ms)

AssetImportParameters requested are different than current active one (requested -> active):
  custom:framework-win-MediaFoundation: 216162199b28c13a410421893ffa2e32 -> 
  custom:video-decoder-ogg-theora: a1e56fd34408186e4bbccfd4996cb3dc -> 
  custom:container-muxer-webm: aa71ff27fc2769a1b78a27578f13a17b -> 
  custom:container-demuxer-webm: 4f35f7cbe854078d1ac9338744f61a02 -> 
  custom:container-demuxer-ogg: 62fdf1f143b41e24485cea50d1cbac27 -> 
  custom:video-encoder-webm-vp8: eb34c28f22e8b96e1ab97ce403110664 -> 
  custom:video-decoder-webm-vp8: 9c59270c3fd7afecdb556c50c9e8de78 -> 
  custom:audio-decoder-ogg-vorbis: bf7c407c2cedff20999df2af8eb42d56 -> 
  custom:audio-encoder-webm-vorbis: bf7c407c2cedff20999df2af8eb42d56 -> 
========================================================================
Received Import Request.
  Time since last request: 633.502135 seconds.
  path: ProjectSettings/TagManager.asset
  artifactKey: Guid(00000000000000003000000000000000) Importer(815301076,1909f56bfc062723c751e8b465ee728b)
Start importing ProjectSettings/TagManager.asset using Guid(00000000000000003000000000000000) Importer(815301076,1909f56bfc062723c751e8b465ee728b)  -> (artifact id: '9cd1eca948d6d4776e45fd7634e429dd') in 0.116480 seconds 
  Import took 0.129550 seconds .

========================================================================
Received Import Request.
  Time since last request: 96.704095 seconds.
  path: Assets/Scriptable Objects/PlayerHealth.asset
  artifactKey: Guid(7ecd07838980fae4a86b735a504a612a) Importer(815301076,1909f56bfc062723c751e8b465ee728b)
Start importing Assets/Scriptable Objects/PlayerHealth.asset using Guid(7ecd07838980fae4a86b735a504a612a) Importer(815301076,1909f56bfc062723c751e8b465ee728b)  -> (artifact id: '596509b884ccb48c8855b1b54ef5c153') in 0.057647 seconds 
  Import took 0.069074 seconds .

========================================================================
Received Import Request.
  Time since last request: 90.128416 seconds.
  path: Assets/Scripts/Observer/HeartManager.cs
  artifactKey: Guid(f094bde505a058045b5550155431caf4) Importer(815301076,1909f56bfc062723c751e8b465ee728b)
Start importing Assets/Scripts/Observer/HeartManager.cs using Guid(f094bde505a058045b5550155431caf4) Importer(815301076,1909f56bfc062723c751e8b465ee728b)  -> (artifact id: '12011ccc74c1f2072e2937352f43df5d') in 0.141513 seconds 
  Import took 0.168465 seconds .

========================================================================
Received Prepare
Registering precompiled user dll's ...
Registered in 0.022000 seconds.
Begin MonoManager ReloadAssembly
Native extension for WindowsStandalone target not found
Refreshing native plugins compatible for Editor in 0.48 ms, found 2 plugins.
Preloading 0 native plugins for Editor in 0.00 ms.
Mono: successfully reloaded assembly
- Completed reload, in  1.643 seconds
Platform modules already initialized, skipping
Refreshing native plugins compatible for Editor in 0.83 ms, found 2 plugins.
Preloading 0 native plugins for Editor in 0.00 ms.
Unloading 1577 Unused Serialized files (Serialized files now loaded: 0)
System memory in use before: 74.5 MB.
System memory in use after: 74.6 MB.

Unloading 17 unused Assets to reduce memory usage. Loaded Objects now: 2066.
Total: 7.532100 ms (FindLiveObjects: 1.198100 ms CreateObjectMapping: 0.200500 ms MarkObjects: 5.928700 ms  DeleteObjects: 0.201600 ms)

AssetImportParameters requested are different than current active one (requested -> active):
  custom:framework-win-MediaFoundation: 216162199b28c13a410421893ffa2e32 -> 
  custom:video-decoder-ogg-theora: a1e56fd34408186e4bbccfd4996cb3dc -> 
  custom:container-muxer-webm: aa71ff27fc2769a1b78a27578f13a17b -> 
  custom:container-demuxer-webm: 4f35f7cbe854078d1ac9338744f61a02 -> 
  custom:container-demuxer-ogg: 62fdf1f143b41e24485cea50d1cbac27 -> 
  custom:video-encoder-webm-vp8: eb34c28f22e8b96e1ab97ce403110664 -> 
  custom:video-decoder-webm-vp8: 9c59270c3fd7afecdb556c50c9e8de78 -> 
  custom:audio-decoder-ogg-vorbis: bf7c407c2cedff20999df2af8eb42d56 -> 
  custom:audio-encoder-webm-vorbis: bf7c407c2cedff20999df2af8eb42d56 -> 
========================================================================
Received Prepare
Registering precompiled user dll's ...
Registered in 0.031945 seconds.
Begin MonoManager ReloadAssembly
Native extension for WindowsStandalone target not found
Refreshing native plugins compatible for Editor in 0.79 ms, found 2 plugins.
Preloading 0 native plugins for Editor in 0.00 ms.
Mono: successfully reloaded assembly
- Completed reload, in  3.186 seconds
Platform modules already initialized, skipping
Refreshing native plugins compatible for Editor in 0.47 ms, found 2 plugins.
Preloading 0 native plugins for Editor in 0.00 ms.
Unloading 1577 Unused Serialized files (Serialized files now loaded: 0)
System memory in use before: 74.5 MB.
System memory in use after: 74.6 MB.

Unloading 16 unused Assets to reduce memory usage. Loaded Objects now: 2069.
Total: 2.835600 ms (FindLiveObjects: 0.277700 ms CreateObjectMapping: 0.159400 ms MarkObjects: 2.309500 ms  DeleteObjects: 0.087300 ms)

AssetImportParameters requested are different than current active one (requested -> active):
  custom:framework-win-MediaFoundation: 216162199b28c13a410421893ffa2e32 -> 
  custom:video-decoder-ogg-theora: a1e56fd34408186e4bbccfd4996cb3dc -> 
  custom:container-muxer-webm: aa71ff27fc2769a1b78a27578f13a17b -> 
  custom:container-demuxer-webm: 4f35f7cbe854078d1ac9338744f61a02 -> 
  custom:container-demuxer-ogg: 62fdf1f143b41e24485cea50d1cbac27 -> 
  custom:video-encoder-webm-vp8: eb34c28f22e8b96e1ab97ce403110664 -> 
  custom:video-decoder-webm-vp8: 9c59270c3fd7afecdb556c50c9e8de78 -> 
  custom:audio-decoder-ogg-vorbis: bf7c407c2cedff20999df2af8eb42d56 -> 
  custom:audio-encoder-webm-vorbis: bf7c407c2cedff20999df2af8eb42d56 -> 
========================================================================
Received Import Request.
  Time since last request: 159.639618 seconds.
  path: Assets/Scripts/Scriptable Objects/SignalSender.cs
  artifactKey: Guid(b94ad25c025729a4e844fce18d6c75a6) Importer(815301076,1909f56bfc062723c751e8b465ee728b)
Start importing Assets/Scripts/Scriptable Objects/SignalSender.cs using Guid(b94ad25c025729a4e844fce18d6c75a6) Importer(815301076,1909f56bfc062723c751e8b465ee728b)  -> (artifact id: '6ee184ca3b3eddf756373bb83e531ddf') in 0.022594 seconds 
  Import took 0.029837 seconds .

========================================================================
Received Import Request.
  Time since last request: 26.476433 seconds.
  path: Assets/Scriptable Objects/Health Signal.asset
  artifactKey: Guid(36a3af5f6fe30f14591bdf25c8015f35) Importer(815301076,1909f56bfc062723c751e8b465ee728b)
Start importing Assets/Scriptable Objects/Health Signal.asset using Guid(36a3af5f6fe30f14591bdf25c8015f35) Importer(815301076,1909f56bfc062723c751e8b465ee728b)  -> (artifact id: '21673e5c802be12121ee0dce9f49f48a') in 0.061056 seconds 
  Import took 0.069730 seconds .

========================================================================
Received Import Request.
  Time since last request: 13.600069 seconds.
  path: Assets/Scriptable Objects/HealthSignal.asset
  artifactKey: Guid(36a3af5f6fe30f14591bdf25c8015f35) Importer(815301076,1909f56bfc062723c751e8b465ee728b)
Start importing Assets/Scriptable Objects/HealthSignal.asset using Guid(36a3af5f6fe30f14591bdf25c8015f35) Importer(815301076,1909f56bfc062723c751e8b465ee728b)  -> (artifact id: '94ddd5d5b1b2e94a43da81ff75826e9d') in 0.033607 seconds 
  Import took 0.042290 seconds .

========================================================================
Received Import Request.
  Time since last request: 25.125977 seconds.
  path: Assets/Scriptable Objects/PlayerCoins.asset
  artifactKey: Guid(b993c4903f7f99242987ff7ceadbd70e) Importer(815301076,1909f56bfc062723c751e8b465ee728b)
Start importing Assets/Scriptable Objects/PlayerCoins.asset using Guid(b993c4903f7f99242987ff7ceadbd70e) Importer(815301076,1909f56bfc062723c751e8b465ee728b)  -> (artifact id: '9e4b0993275fd6ee383bdd238992be65') in 0.028791 seconds 
  Import took 0.039196 seconds .

========================================================================
Received Import Request.
  Time since last request: 14.439956 seconds.
  path: Assets/Scriptable Objects/HeartContainers.asset
  artifactKey: Guid(d3ac2d6320afdf74da0660b25333f2b5) Importer(815301076,1909f56bfc062723c751e8b465ee728b)
Start importing Assets/Scriptable Objects/HeartContainers.asset using Guid(d3ac2d6320afdf74da0660b25333f2b5) Importer(815301076,1909f56bfc062723c751e8b465ee728b)  -> (artifact id: 'a5b061efa49aab12b933452829093bfe') in 0.034311 seconds 
  Import took 0.050253 seconds .

========================================================================
Received Import Request.
  Time since last request: 0.001436 seconds.
  path: Assets/Scriptable Objects/HeartContainers.asset
  artifactKey: Guid(d3ac2d6320afdf74da0660b25333f2b5) Importer(815301076,1909f56bfc062723c751e8b465ee728b)
Start importing Assets/Scriptable Objects/HeartContainers.asset using Guid(d3ac2d6320afdf74da0660b25333f2b5) Importer(815301076,1909f56bfc062723c751e8b465ee728b)  -> (artifact id: 'a5b061efa49aab12b933452829093bfe') in 0.016922 seconds 
  Import took 0.028021 seconds .

========================================================================
Received Prepare
Registering precompiled user dll's ...
Registered in 0.068565 seconds.
Begin MonoManager ReloadAssembly
Native extension for WindowsStandalone target not found
Refreshing native plugins compatible for Editor in 0.52 ms, found 2 plugins.
Preloading 0 native plugins for Editor in 0.00 ms.
Mono: successfully reloaded assembly
- Completed reload, in  3.704 seconds
Platform modules already initialized, skipping
Refreshing native plugins compatible for Editor in 0.81 ms, found 2 plugins.
Preloading 0 native plugins for Editor in 0.00 ms.
Unloading 1577 Unused Serialized files (Serialized files now loaded: 0)
System memory in use before: 74.5 MB.
System memory in use after: 74.6 MB.

Unloading 16 unused Assets to reduce memory usage. Loaded Objects now: 2072.
Total: 3.356000 ms (FindLiveObjects: 0.412200 ms CreateObjectMapping: 0.165600 ms MarkObjects: 2.676800 ms  DeleteObjects: 0.098600 ms)

AssetImportParameters requested are different than current active one (requested -> active):
  custom:framework-win-MediaFoundation: 216162199b28c13a410421893ffa2e32 -> 
  custom:video-decoder-ogg-theora: a1e56fd34408186e4bbccfd4996cb3dc -> 
  custom:container-muxer-webm: aa71ff27fc2769a1b78a27578f13a17b -> 
  custom:container-demuxer-webm: 4f35f7cbe854078d1ac9338744f61a02 -> 
  custom:container-demuxer-ogg: 62fdf1f143b41e24485cea50d1cbac27 -> 
  custom:video-encoder-webm-vp8: eb34c28f22e8b96e1ab97ce403110664 -> 
  custom:video-decoder-webm-vp8: 9c59270c3fd7afecdb556c50c9e8de78 -> 
  custom:audio-decoder-ogg-vorbis: bf7c407c2cedff20999df2af8eb42d56 -> 
  custom:audio-encoder-webm-vorbis: bf7c407c2cedff20999df2af8eb42d56 -> 
========================================================================
Received Import Request.
  Time since last request: 112.452973 seconds.
  path: Assets/Scripts/Observer/HeartManager.cs
  artifactKey: Guid(f094bde505a058045b5550155431caf4) Importer(815301076,1909f56bfc062723c751e8b465ee728b)
Start importing Assets/Scripts/Observer/HeartManager.cs using Guid(f094bde505a058045b5550155431caf4) Importer(815301076,1909f56bfc062723c751e8b465ee728b)  -> (artifact id: 'f48f98cc403d8b447d8a86b49355fcd7') in 0.032021 seconds 
  Import took 0.041162 seconds .

========================================================================
Received Import Request.
  Time since last request: 0.002120 seconds.
  path: Assets/Scripts/Observer/HeartManager.cs
  artifactKey: Guid(f094bde505a058045b5550155431caf4) Importer(815301076,1909f56bfc062723c751e8b465ee728b)
Start importing Assets/Scripts/Observer/HeartManager.cs using Guid(f094bde505a058045b5550155431caf4) Importer(815301076,1909f56bfc062723c751e8b465ee728b)  -> (artifact id: 'f48f98cc403d8b447d8a86b49355fcd7') in 0.025512 seconds 
  Import took 0.031010 seconds .

